<?xml version="1.0" encoding="UTF-8"?>
<coverage generated="1588338808747" clover="3.2.0">
  <project timestamp="1588338808747" name="All files">
    <metrics statements="57" coveredstatements="17" conditionals="17" coveredconditionals="5" methods="26" coveredmethods="6" elements="100" coveredelements="28" complexity="0" loc="57" ncloc="57" packages="9" files="14" classes="14"/>
    <package name="src">
      <metrics statements="2" coveredstatements="0" conditionals="6" coveredconditionals="0" methods="2" coveredmethods="0"/>
      <file name="App.js" path="C:\Users\31641\Desktop\WildCodeSchool\employee-dashboard\charlies-bastards-employee-dashboard\client\src\App.js">
        <metrics statements="2" coveredstatements="0" conditionals="6" coveredconditionals="0" methods="2" coveredmethods="0"/>
        <line num="12" count="0" type="stmt"/>
        <line num="29" count="0" type="stmt"/>
      </file>
    </package>
    <package name="src.HOC">
      <metrics statements="7" coveredstatements="0" conditionals="4" coveredconditionals="0" methods="5" coveredmethods="0"/>
      <file name="IsAuthorized.js" path="C:\Users\31641\Desktop\WildCodeSchool\employee-dashboard\charlies-bastards-employee-dashboard\client\src\HOC\IsAuthorized.js">
        <metrics statements="7" coveredstatements="0" conditionals="4" coveredconditionals="0" methods="5" coveredmethods="0"/>
        <line num="9" count="0" type="cond" truecount="0" falsecount="2"/>
        <line num="10" count="0" type="stmt"/>
        <line num="13" count="0" type="cond" truecount="0" falsecount="2"/>
        <line num="14" count="0" type="stmt"/>
        <line num="18" count="0" type="stmt"/>
        <line num="21" count="0" type="stmt"/>
        <line num="26" count="0" type="stmt"/>
      </file>
    </package>
    <package name="src.containers.dashboard">
      <metrics statements="5" coveredstatements="0" conditionals="0" coveredconditionals="0" methods="2" coveredmethods="0"/>
      <file name="Dashboard.js" path="C:\Users\31641\Desktop\WildCodeSchool\employee-dashboard\charlies-bastards-employee-dashboard\client\src\containers\dashboard\Dashboard.js">
        <metrics statements="5" coveredstatements="0" conditionals="0" coveredconditionals="0" methods="2" coveredmethods="0"/>
        <line num="8" count="0" type="stmt"/>
        <line num="9" count="0" type="stmt"/>
        <line num="10" count="0" type="stmt"/>
        <line num="11" count="0" type="stmt"/>
        <line num="28" count="0" type="stmt"/>
      </file>
    </package>
    <package name="src.containers.hours">
      <metrics statements="7" coveredstatements="0" conditionals="0" coveredconditionals="0" methods="2" coveredmethods="0"/>
      <file name="Hours.js" path="C:\Users\31641\Desktop\WildCodeSchool\employee-dashboard\charlies-bastards-employee-dashboard\client\src\containers\hours\Hours.js">
        <metrics statements="7" coveredstatements="0" conditionals="0" coveredconditionals="0" methods="2" coveredmethods="0"/>
        <line num="8" count="0" type="stmt"/>
        <line num="9" count="0" type="stmt"/>
        <line num="10" count="0" type="stmt"/>
        <line num="12" count="0" type="stmt"/>
        <line num="13" count="0" type="stmt"/>
        <line num="14" count="0" type="stmt"/>
        <line num="17" count="0" type="stmt"/>
      </file>
    </package>
    <package name="src.containers.insert">
      <metrics statements="9" coveredstatements="4" conditionals="0" coveredconditionals="0" methods="4" coveredmethods="2"/>
      <file name="Insert.js" path="C:\Users\31641\Desktop\WildCodeSchool\employee-dashboard\charlies-bastards-employee-dashboard\client\src\containers\insert\Insert.js">
        <metrics statements="9" coveredstatements="4" conditionals="0" coveredconditionals="0" methods="4" coveredmethods="2"/>
        <line num="8" count="1" type="stmt"/>
        <line num="9" count="1" type="stmt"/>
        <line num="12" count="1" type="stmt"/>
        <line num="15" count="0" type="stmt"/>
        <line num="16" count="0" type="stmt"/>
        <line num="17" count="0" type="stmt"/>
        <line num="18" count="0" type="stmt"/>
        <line num="21" count="1" type="stmt"/>
        <line num="55" count="0" type="stmt"/>
      </file>
    </package>
    <package name="src.containers.login">
      <metrics statements="11" coveredstatements="6" conditionals="4" coveredconditionals="3" methods="4" coveredmethods="1"/>
      <file name="Login.js" path="C:\Users\31641\Desktop\WildCodeSchool\employee-dashboard\charlies-bastards-employee-dashboard\client\src\containers\login\Login.js">
        <metrics statements="11" coveredstatements="6" conditionals="4" coveredconditionals="3" methods="4" coveredmethods="1"/>
        <line num="8" count="3" type="stmt"/>
        <line num="9" count="3" type="stmt"/>
        <line num="10" count="3" type="stmt"/>
        <line num="11" count="3" type="stmt"/>
        <line num="18" count="3" type="stmt"/>
        <line num="19" count="0" type="stmt"/>
        <line num="20" count="0" type="stmt"/>
        <line num="22" count="0" type="stmt"/>
        <line num="23" count="0" type="stmt"/>
        <line num="38" count="3" type="stmt"/>
        <line num="70" count="0" type="stmt"/>
      </file>
    </package>
    <package name="src.reducers">
      <metrics statements="4" coveredstatements="3" conditionals="3" coveredconditionals="2" methods="1" coveredmethods="1"/>
      <file name="authorization.js" path="C:\Users\31641\Desktop\WildCodeSchool\employee-dashboard\charlies-bastards-employee-dashboard\client\src\reducers\authorization.js">
        <metrics statements="3" coveredstatements="2" conditionals="3" coveredconditionals="2" methods="1" coveredmethods="1"/>
        <line num="8" count="4" type="cond" truecount="1" falsecount="1"/>
        <line num="10" count="0" type="stmt"/>
        <line num="19" count="4" type="stmt"/>
      </file>
      <file name="index.js" path="C:\Users\31641\Desktop\WildCodeSchool\employee-dashboard\charlies-bastards-employee-dashboard\client\src\reducers\index.js">
        <metrics statements="1" coveredstatements="1" conditionals="0" coveredconditionals="0" methods="0" coveredmethods="0"/>
        <line num="4" count="1" type="stmt"/>
      </file>
    </package>
    <package name="src.reducers.actions">
      <metrics statements="3" coveredstatements="2" conditionals="0" coveredconditionals="0" methods="2" coveredmethods="1"/>
      <file name="index.js" path="C:\Users\31641\Desktop\WildCodeSchool\employee-dashboard\charlies-bastards-employee-dashboard\client\src\reducers\actions\index.js">
        <metrics statements="2" coveredstatements="2" conditionals="0" coveredconditionals="0" methods="1" coveredmethods="1"/>
        <line num="1" count="4" type="stmt"/>
        <line num="12" count="4" type="stmt"/>
      </file>
      <file name="logoutUser.js" path="C:\Users\31641\Desktop\WildCodeSchool\employee-dashboard\charlies-bastards-employee-dashboard\client\src\reducers\actions\logoutUser.js">
        <metrics statements="1" coveredstatements="0" conditionals="0" coveredconditionals="0" methods="1" coveredmethods="0"/>
        <line num="1" count="0" type="stmt"/>
      </file>
    </package>
    <package name="src.services">
      <metrics statements="9" coveredstatements="2" conditionals="0" coveredconditionals="0" methods="4" coveredmethods="1"/>
      <file name="dashboardHelper.js" path="C:\Users\31641\Desktop\WildCodeSchool\employee-dashboard\charlies-bastards-employee-dashboard\client\src\services\dashboardHelper.js">
        <metrics statements="2" coveredstatements="0" conditionals="0" coveredconditionals="0" methods="1" coveredmethods="0"/>
        <line num="4" count="0" type="stmt"/>
        <line num="7" count="0" type="stmt"/>
      </file>
      <file name="hoursHelper.js" path="C:\Users\31641\Desktop\WildCodeSchool\employee-dashboard\charlies-bastards-employee-dashboard\client\src\services\hoursHelper.js">
        <metrics statements="2" coveredstatements="0" conditionals="0" coveredconditionals="0" methods="1" coveredmethods="0"/>
        <line num="4" count="0" type="stmt"/>
        <line num="7" count="0" type="stmt"/>
      </file>
      <file name="insertHelper.js" path="C:\Users\31641\Desktop\WildCodeSchool\employee-dashboard\charlies-bastards-employee-dashboard\client\src\services\insertHelper.js">
        <metrics statements="3" coveredstatements="0" conditionals="0" coveredconditionals="0" methods="1" coveredmethods="0"/>
        <line num="4" count="0" type="stmt"/>
        <line num="5" count="0" type="stmt"/>
        <line num="8" count="0" type="stmt"/>
      </file>
      <file name="loginHelper.js" path="C:\Users\31641\Desktop\WildCodeSchool\employee-dashboard\charlies-bastards-employee-dashboard\client\src\services\loginHelper.js">
        <metrics statements="2" coveredstatements="2" conditionals="0" coveredconditionals="0" methods="1" coveredmethods="1"/>
        <line num="10" count="2" type="stmt"/>
        <line num="15" count="1" type="stmt"/>
      </file>
    </package>
  </project>
</coverage>
