<?xml version="1.0" encoding="UTF-8"?>
<coverage generated="1586950140197" clover="3.2.0">
  <project timestamp="1586950140198" name="All files">
    <metrics statements="13" coveredstatements="6" conditionals="8" coveredconditionals="3" methods="8" coveredmethods="2" elements="29" coveredelements="11" complexity="0" loc="13" ncloc="13" packages="3" files="3" classes="3"/>
    <package name="src">
      <metrics statements="2" coveredstatements="0" conditionals="4" coveredconditionals="0" methods="2" coveredmethods="0"/>
      <file name="App.js" path="C:\Users\ligia\OneDrive\Documentos\Wild Code School\Portifolio\charlies-bastards-employee-dashboard\client\src\App.js">
        <metrics statements="2" coveredstatements="0" conditionals="4" coveredconditionals="0" methods="2" coveredmethods="0"/>
        <line num="8" count="0" type="stmt"/>
        <line num="15" count="0" type="stmt"/>
      </file>
    </package>
    <package name="src.containers.dashboard">
      <metrics statements="1" coveredstatements="1" conditionals="0" coveredconditionals="0" methods="1" coveredmethods="1"/>
      <file name="Dashboard.js" path="C:\Users\ligia\OneDrive\Documentos\Wild Code School\Portifolio\charlies-bastards-employee-dashboard\client\src\containers\dashboard\Dashboard.js">
        <metrics statements="1" coveredstatements="1" conditionals="0" coveredconditionals="0" methods="1" coveredmethods="1"/>
        <line num="5" count="1" type="stmt"/>
      </file>
    </package>
    <package name="src.containers.login">
      <metrics statements="10" coveredstatements="5" conditionals="4" coveredconditionals="3" methods="5" coveredmethods="1"/>
      <file name="Login.js" path="C:\Users\ligia\OneDrive\Documentos\Wild Code School\Portifolio\charlies-bastards-employee-dashboard\client\src\containers\login\Login.js">
        <metrics statements="10" coveredstatements="5" conditionals="4" coveredconditionals="3" methods="5" coveredmethods="1"/>
        <line num="10" count="3" type="stmt"/>
        <line num="11" count="3" type="stmt"/>
        <line num="12" count="3" type="stmt"/>
        <line num="19" count="3" type="stmt"/>
        <line num="20" count="0" type="stmt"/>
        <line num="21" count="0" type="stmt"/>
        <line num="23" count="0" type="stmt"/>
        <line num="32" count="0" type="stmt"/>
        <line num="35" count="3" type="stmt"/>
        <line num="67" count="0" type="stmt"/>
      </file>
    </package>
  </project>
</coverage>
