{"C:\\Users\\ligia\\OneDrive\\Documentos\\Wild Code School\\Portifolio\\charlies-bastards-employee-dashboard\\client\\src\\App.js": {"path":"C:\\Users\\ligia\\OneDrive\\Documentos\\Wild Code School\\Portifolio\\charlies-bastards-employee-dashboard\\client\\src\\App.js","statementMap":{"0":{"start":{"line":9,"column":1},"end":{"line":14,"column":4}}},"fnMap":{"0":{"name":"App","decl":{"start":{"line":7,"column":10},"end":{"line":7,"column":13}},"loc":{"start":{"line":7,"column":16},"end":{"line":15,"column":1}},"line":7}},"branchMap":{},"s":{"0":1},"f":{"0":1},"b":{},"_coverageSchema":"43e27e138ebf9cfc5966b082cf9a028302ed4184","hash":"3538fb8f24beb1454fd258e945ff4168089d1a25"}
,"C:\\Users\\ligia\\OneDrive\\Documentos\\Wild Code School\\Portifolio\\charlies-bastards-employee-dashboard\\client\\src\\HOC\\IsAuthorized.js": {"path":"C:\\Users\\ligia\\OneDrive\\Documentos\\Wild Code School\\Portifolio\\charlies-bastards-employee-dashboard\\client\\src\\HOC\\IsAuthorized.js","statementMap":{"0":{"start":{"line":9,"column":12},"end":{"line":10,"column":51}},"1":{"start":{"line":10,"column":16},"end":{"line":10,"column":51}},"2":{"start":{"line":13,"column":12},"end":{"line":14,"column":54}},"3":{"start":{"line":14,"column":16},"end":{"line":14,"column":54}},"4":{"start":{"line":18,"column":12},"end":{"line":18,"column":59}},"5":{"start":{"line":21,"column":4},"end":{"line":21,"column":64}},"6":{"start":{"line":26,"column":4},"end":{"line":26,"column":57}}},"fnMap":{"0":{"name":"(anonymous_0)","decl":{"start":{"line":5,"column":17},"end":{"line":5,"column":18}},"loc":{"start":{"line":5,"column":46},"end":{"line":22,"column":1}},"line":5},"1":{"name":"(anonymous_1)","decl":{"start":{"line":8,"column":8},"end":{"line":8,"column":9}},"loc":{"start":{"line":8,"column":28},"end":{"line":11,"column":9}},"line":8},"2":{"name":"(anonymous_2)","decl":{"start":{"line":12,"column":8},"end":{"line":12,"column":9}},"loc":{"start":{"line":12,"column":29},"end":{"line":15,"column":8}},"line":12},"3":{"name":"(anonymous_3)","decl":{"start":{"line":16,"column":8},"end":{"line":16,"column":9}},"loc":{"start":{"line":16,"column":17},"end":{"line":19,"column":9}},"line":16},"4":{"name":"mapStateToProps","decl":{"start":{"line":25,"column":10},"end":{"line":25,"column":25}},"loc":{"start":{"line":25,"column":33},"end":{"line":27,"column":1}},"line":25}},"branchMap":{"0":{"loc":{"start":{"line":9,"column":12},"end":{"line":10,"column":51}},"type":"if","locations":[{"start":{"line":9,"column":12},"end":{"line":10,"column":51}},{"start":{"line":9,"column":12},"end":{"line":10,"column":51}}],"line":9},"1":{"loc":{"start":{"line":13,"column":12},"end":{"line":14,"column":54}},"type":"if","locations":[{"start":{"line":13,"column":12},"end":{"line":14,"column":54}},{"start":{"line":13,"column":12},"end":{"line":14,"column":54}}],"line":13}},"s":{"0":0,"1":0,"2":0,"3":0,"4":0,"5":1,"6":0},"f":{"0":1,"1":0,"2":0,"3":0,"4":0},"b":{"0":[0,0],"1":[0,0]},"_coverageSchema":"43e27e138ebf9cfc5966b082cf9a028302ed4184","hash":"70f42dc9fe3d48aa9471deac41fcd1560cea145d"}
,"C:\\Users\\ligia\\OneDrive\\Documentos\\Wild Code School\\Portifolio\\charlies-bastards-employee-dashboard\\client\\src\\containers\\dashboard\\Dashboard.js": {"path":"C:\\Users\\ligia\\OneDrive\\Documentos\\Wild Code School\\Portifolio\\charlies-bastards-employee-dashboard\\client\\src\\containers\\dashboard\\Dashboard.js","statementMap":{"0":{"start":{"line":4,"column":4},"end":{"line":8,"column":5}}},"fnMap":{"0":{"name":"(anonymous_0)","decl":{"start":{"line":3,"column":15},"end":{"line":3,"column":16}},"loc":{"start":{"line":3,"column":20},"end":{"line":9,"column":1}},"line":3}},"branchMap":{},"s":{"0":0},"f":{"0":0},"b":{},"_coverageSchema":"43e27e138ebf9cfc5966b082cf9a028302ed4184","hash":"be8bcdbd32569236c4cbbb8fc004ef23b9a535d8"}
,"C:\\Users\\ligia\\OneDrive\\Documentos\\Wild Code School\\Portifolio\\charlies-bastards-employee-dashboard\\client\\src\\containers\\login\\Login.js": {"path":"C:\\Users\\ligia\\OneDrive\\Documentos\\Wild Code School\\Portifolio\\charlies-bastards-employee-dashboard\\client\\src\\containers\\login\\Login.js","statementMap":{"0":{"start":{"line":10,"column":29},"end":{"line":10,"column":47}},"1":{"start":{"line":11,"column":41},"end":{"line":11,"column":50}},"2":{"start":{"line":12,"column":19},"end":{"line":12,"column":32}},"3":{"start":{"line":13,"column":17},"end":{"line":13,"column":29}},"4":{"start":{"line":20,"column":18},"end":{"line":34,"column":3}},"5":{"start":{"line":21,"column":5},"end":{"line":21,"column":23}},"6":{"start":{"line":22,"column":5},"end":{"line":32,"column":73}},"7":{"start":{"line":24,"column":13},"end":{"line":29,"column":35}},"8":{"start":{"line":32,"column":21},"end":{"line":32,"column":71}},"9":{"start":{"line":37,"column":4},"end":{"line":59,"column":5}},"10":{"start":{"line":64,"column":4},"end":{"line":66,"column":5}}},"fnMap":{"0":{"name":"Login","decl":{"start":{"line":9,"column":9},"end":{"line":9,"column":14}},"loc":{"start":{"line":9,"column":30},"end":{"line":61,"column":1}},"line":9},"1":{"name":"(anonymous_1)","decl":{"start":{"line":20,"column":18},"end":{"line":20,"column":19}},"loc":{"start":{"line":20,"column":32},"end":{"line":34,"column":3}},"line":20},"2":{"name":"(anonymous_2)","decl":{"start":{"line":23,"column":11},"end":{"line":23,"column":12}},"loc":{"start":{"line":24,"column":13},"end":{"line":29,"column":35}},"line":24},"3":{"name":"(anonymous_3)","decl":{"start":{"line":32,"column":14},"end":{"line":32,"column":15}},"loc":{"start":{"line":32,"column":21},"end":{"line":32,"column":71}},"line":32},"4":{"name":"mapState","decl":{"start":{"line":63,"column":9},"end":{"line":63,"column":17}},"loc":{"start":{"line":63,"column":24},"end":{"line":67,"column":1}},"line":63}},"branchMap":{"0":{"loc":{"start":{"line":47,"column":19},"end":{"line":47,"column":59}},"type":"binary-expr","locations":[{"start":{"line":47,"column":19},"end":{"line":47,"column":31}},{"start":{"line":47,"column":35},"end":{"line":47,"column":59}}],"line":47},"1":{"loc":{"start":{"line":54,"column":19},"end":{"line":54,"column":62}},"type":"binary-expr","locations":[{"start":{"line":54,"column":19},"end":{"line":54,"column":34}},{"start":{"line":54,"column":38},"end":{"line":54,"column":62}}],"line":54}},"s":{"0":0,"1":0,"2":0,"3":0,"4":0,"5":0,"6":0,"7":0,"8":0,"9":0,"10":0},"f":{"0":0,"1":0,"2":0,"3":0,"4":0},"b":{"0":[0,0],"1":[0,0]},"_coverageSchema":"43e27e138ebf9cfc5966b082cf9a028302ed4184","hash":"fe3e56e962da29acf1549d2fdc642aa3d4b02ef2"}
,"C:\\Users\\ligia\\OneDrive\\Documentos\\Wild Code School\\Portifolio\\charlies-bastards-employee-dashboard\\client\\src\\reducers\\actions\\index.js": {"path":"C:\\Users\\ligia\\OneDrive\\Documentos\\Wild Code School\\Portifolio\\charlies-bastards-employee-dashboard\\client\\src\\reducers\\actions\\index.js","statementMap":{"0":{"start":{"line":1,"column":28},"end":{"line":3,"column":1}},"1":{"start":{"line":12,"column":29},"end":{"line":18,"column":2}},"2":{"start":{"line":12,"column":68},"end":{"line":18,"column":1}}},"fnMap":{"0":{"name":"(anonymous_0)","decl":{"start":{"line":12,"column":29},"end":{"line":12,"column":30}},"loc":{"start":{"line":12,"column":68},"end":{"line":18,"column":1}},"line":12}},"branchMap":{},"s":{"0":4,"1":4,"2":1},"f":{"0":1},"b":{},"_coverageSchema":"43e27e138ebf9cfc5966b082cf9a028302ed4184","hash":"db010c722c6cc05f0397d8452c32b30d3f5bbc3d"}
}
