{"C:\\Users\\ligia\\OneDrive\\Documentos\\Wild Code School\\Portifolio\\charlies-bastards-employee-dashboard\\client\\src\\containers\\login\\Login.js": {"path":"C:\\Users\\ligia\\OneDrive\\Documentos\\Wild Code School\\Portifolio\\charlies-bastards-employee-dashboard\\client\\src\\containers\\login\\Login.js","statementMap":{"0":{"start":{"line":7,"column":29},"end":{"line":7,"column":47}},"1":{"start":{"line":8,"column":41},"end":{"line":8,"column":50}},"2":{"start":{"line":9,"column":19},"end":{"line":9,"column":32}},"3":{"start":{"line":16,"column":18},"end":{"line":29,"column":3}},"4":{"start":{"line":17,"column":5},"end":{"line":17,"column":23}},"5":{"start":{"line":18,"column":5},"end":{"line":27,"column":73}},"6":{"start":{"line":20,"column":10},"end":{"line":24,"column":33}},"7":{"start":{"line":26,"column":20},"end":{"line":26,"column":44}},"8":{"start":{"line":27,"column":21},"end":{"line":27,"column":71}},"9":{"start":{"line":30,"column":4},"end":{"line":52,"column":5}},"10":{"start":{"line":57,"column":4},"end":{"line":59,"column":5}}},"fnMap":{"0":{"name":"Login","decl":{"start":{"line":6,"column":9},"end":{"line":6,"column":14}},"loc":{"start":{"line":6,"column":30},"end":{"line":54,"column":1}},"line":6},"1":{"name":"(anonymous_1)","decl":{"start":{"line":16,"column":18},"end":{"line":16,"column":19}},"loc":{"start":{"line":16,"column":31},"end":{"line":29,"column":3}},"line":16},"2":{"name":"(anonymous_2)","decl":{"start":{"line":19,"column":11},"end":{"line":19,"column":12}},"loc":{"start":{"line":20,"column":10},"end":{"line":24,"column":33}},"line":20},"3":{"name":"(anonymous_3)","decl":{"start":{"line":26,"column":14},"end":{"line":26,"column":15}},"loc":{"start":{"line":26,"column":20},"end":{"line":26,"column":44}},"line":26},"4":{"name":"(anonymous_4)","decl":{"start":{"line":27,"column":14},"end":{"line":27,"column":15}},"loc":{"start":{"line":27,"column":21},"end":{"line":27,"column":71}},"line":27},"5":{"name":"mapState","decl":{"start":{"line":56,"column":9},"end":{"line":56,"column":17}},"loc":{"start":{"line":56,"column":24},"end":{"line":60,"column":1}},"line":56}},"branchMap":{"0":{"loc":{"start":{"line":40,"column":19},"end":{"line":40,"column":59}},"type":"binary-expr","locations":[{"start":{"line":40,"column":19},"end":{"line":40,"column":31}},{"start":{"line":40,"column":35},"end":{"line":40,"column":59}}],"line":40},"1":{"loc":{"start":{"line":47,"column":19},"end":{"line":47,"column":62}},"type":"binary-expr","locations":[{"start":{"line":47,"column":19},"end":{"line":47,"column":34}},{"start":{"line":47,"column":38},"end":{"line":47,"column":62}}],"line":47}},"s":{"0":0,"1":0,"2":0,"3":0,"4":0,"5":0,"6":0,"7":0,"8":0,"9":0,"10":0},"f":{"0":0,"1":0,"2":0,"3":0,"4":0,"5":0},"b":{"0":[0,0],"1":[0,0]},"_coverageSchema":"43e27e138ebf9cfc5966b082cf9a028302ed4184","hash":"41fbc1d02b652f1d45d9f4b32f74c9e627718b0d"}
}
