TN:
SF:/Users/seyma/Desktop/WS/Projects/Employee_Dashboard/charlies-bastards-employee-dashboard/client/src/App.js
FN:9,App
FN:30,mapToProps
FNF:2
FNH:2
FNDA:1,App
FNDA:1,mapToProps
DA:10,1
DA:31,1
LF:2
LH:2
BRDA:14,0,0,0
BRDA:14,0,1,1
BRDA:17,1,0,0
BRDA:17,1,1,1
BRDA:20,2,0,0
BRDA:20,2,1,1
BRF:6
BRH:3
end_of_record
TN:
SF:/Users/seyma/Desktop/WS/Projects/Employee_Dashboard/charlies-bastards-employee-dashboard/client/src/HOC/IsAuthorized.js
FN:5,(anonymous_0)
FN:7,(anonymous_1)
FN:10,(anonymous_2)
FN:13,(anonymous_3)
FN:20,mapStateToProps
FNF:5
FNH:0
FNDA:0,(anonymous_0)
FNDA:0,(anonymous_1)
FNDA:0,(anonymous_2)
FNDA:0,(anonymous_3)
FNDA:0,mapStateToProps
DA:8,0
DA:11,0
DA:14,0
DA:17,0
DA:21,0
LF:5
LH:0
BRDA:8,0,0,0
BRDA:8,0,1,0
BRDA:11,1,0,0
BRDA:11,1,1,0
BRF:4
BRH:0
end_of_record
TN:
SF:/Users/seyma/Desktop/WS/Projects/Employee_Dashboard/charlies-bastards-employee-dashboard/client/src/containers/clock/Clock.js
FN:4,Clock
FN:6,(anonymous_1)
FN:7,(anonymous_2)
FN:8,cleanup
FN:13,tick
FNF:5
FNH:3
FNDA:10,Clock
FNDA:8,(anonymous_1)
FNDA:0,(anonymous_2)
FNDA:1,cleanup
FNDA:0,tick
DA:5,10
DA:6,10
DA:7,8
DA:8,8
DA:9,1
DA:14,0
DA:16,10
LF:7
LH:6
BRF:0
BRH:0
end_of_record
TN:
SF:/Users/seyma/Desktop/WS/Projects/Employee_Dashboard/charlies-bastards-employee-dashboard/client/src/containers/dashboard/Dashboard.js
FN:10,Dashboard
FN:18,(anonymous_1)
FN:22,(anonymous_2)
FN:49,(anonymous_3)
FN:57,(anonymous_4)
FN:64,(anonymous_5)
FN:71,(anonymous_6)
FNF:7
FNH:7
FNDA:6,Dashboard
FNDA:12,(anonymous_1)
FNDA:1,(anonymous_2)
FNDA:1,(anonymous_3)
FNDA:1,(anonymous_4)
FNDA:1,(anonymous_5)
FNDA:1,(anonymous_6)
DA:11,6
DA:12,6
DA:13,6
DA:18,6
DA:19,12
DA:22,6
DA:23,1
DA:24,1
DA:25,1
DA:28,6
DA:49,1
DA:57,1
DA:64,1
DA:71,1
LF:14
LH:14
BRF:0
BRH:0
end_of_record
TN:
SF:/Users/seyma/Desktop/WS/Projects/Employee_Dashboard/charlies-bastards-employee-dashboard/client/src/containers/displayhours/DisplayHours.js
FN:9,DisplayHours
FN:19,(anonymous_1)
FN:23,(anonymous_2)
FN:26,(anonymous_3)
FN:27,(anonymous_4)
FN:50,(anonymous_5)
FN:71,(anonymous_6)
FNF:7
FNH:6
FNDA:5,DisplayHours
FNDA:7,(anonymous_1)
FNDA:1,(anonymous_2)
FNDA:1,(anonymous_3)
FNDA:1,(anonymous_4)
FNDA:0,(anonymous_5)
FNDA:1,(anonymous_6)
DA:10,5
DA:11,5
DA:13,5
DA:19,5
DA:20,7
DA:23,5
DA:24,1
DA:25,1
DA:26,1
DA:27,1
DA:29,5
DA:51,0
DA:71,1
LF:13
LH:12
BRDA:41,0,0,0
BRDA:41,0,1,3
BRDA:49,1,0,0
BRDA:49,1,1,3
BRF:4
BRH:2
end_of_record
TN:
SF:/Users/seyma/Desktop/WS/Projects/Employee_Dashboard/charlies-bastards-employee-dashboard/client/src/containers/login/Login.js
FN:7,Login
FN:18,(anonymous_1)
FN:21,(anonymous_2)
FN:69,(anonymous_3)
FNF:4
FNH:1
FNDA:4,Login
FNDA:0,(anonymous_1)
FNDA:0,(anonymous_2)
FNDA:0,(anonymous_3)
DA:8,4
DA:9,4
DA:10,4
DA:11,4
DA:18,4
DA:19,0
DA:20,0
DA:22,0
DA:37,4
DA:69,0
LF:10
LH:6
BRDA:50,0,0,4
BRDA:50,0,1,0
BRDA:61,1,0,4
BRDA:61,1,1,1
BRF:4
BRH:3
end_of_record
TN:
SF:/Users/seyma/Desktop/WS/Projects/Employee_Dashboard/charlies-bastards-employee-dashboard/client/src/reducers/authorization.js
FN:7,authorization
FNF:1
FNH:1
FNDA:10,authorization
DA:8,10
DA:10,0
DA:19,0
DA:28,10
LF:4
LH:2
BRDA:7,0,0,10
BRDA:8,1,0,0
BRDA:8,1,1,0
BRDA:8,1,2,10
BRF:4
BRH:2
end_of_record
TN:
SF:/Users/seyma/Desktop/WS/Projects/Employee_Dashboard/charlies-bastards-employee-dashboard/client/src/reducers/index.js
FNF:0
FNH:0
DA:4,4
LF:1
LH:1
BRF:0
BRH:0
end_of_record
TN:
SF:/Users/seyma/Desktop/WS/Projects/Employee_Dashboard/charlies-bastards-employee-dashboard/client/src/reducers/actions/index.js
FN:14,(anonymous_0)
FN:22,(anonymous_1)
FNF:2
FNH:2
FNDA:1,(anonymous_0)
FNDA:3,(anonymous_1)
DA:1,5
DA:14,5
DA:22,5
LF:3
LH:3
BRF:0
BRH:0
end_of_record
TN:
SF:/Users/seyma/Desktop/WS/Projects/Employee_Dashboard/charlies-bastards-employee-dashboard/client/src/services/hoursHelper.js
FN:3,hoursHelper
FNF:1
FNH:1
FNDA:3,hoursHelper
DA:4,3
DA:5,3
DA:6,3
DA:13,2
LF:4
LH:4
BRF:0
BRH:0
end_of_record
TN:
SF:/Users/seyma/Desktop/WS/Projects/Employee_Dashboard/charlies-bastards-employee-dashboard/client/src/services/loginHelper.js
FN:9,loginHelper
FNF:1
FNH:1
FNDA:2,loginHelper
DA:10,2
DA:15,1
LF:2
LH:2
BRF:0
BRH:0
end_of_record
