TN:
SF:/Users/seyma/Desktop/WS/Projects/Employee_Dashboard/charlies-bastards-employee-dashboard/client/src/App.js
FN:9,App
FN:30,mapToProps
FNF:2
FNH:0
FNDA:0,App
FNDA:0,mapToProps
DA:10,0
DA:31,0
LF:2
LH:0
BRDA:14,0,0,0
BRDA:14,0,1,0
BRDA:17,1,0,0
BRDA:17,1,1,0
BRDA:20,2,0,0
BRDA:20,2,1,0
BRF:6
BRH:0
end_of_record
TN:
SF:/Users/seyma/Desktop/WS/Projects/Employee_Dashboard/charlies-bastards-employee-dashboard/client/src/HOC/IsAuthorized.js
FN:5,(anonymous_0)
FN:8,(anonymous_1)
FN:12,(anonymous_2)
FN:16,(anonymous_3)
FN:25,mapStateToProps
FNF:5
FNH:0
FNDA:0,(anonymous_0)
FNDA:0,(anonymous_1)
FNDA:0,(anonymous_2)
FNDA:0,(anonymous_3)
FNDA:0,mapStateToProps
DA:9,0
DA:10,0
DA:13,0
DA:14,0
DA:18,0
DA:21,0
DA:26,0
LF:7
LH:0
BRDA:9,0,0,0
BRDA:9,0,1,0
BRDA:13,1,0,0
BRDA:13,1,1,0
BRF:4
BRH:0
end_of_record
TN:
SF:/Users/seyma/Desktop/WS/Projects/Employee_Dashboard/charlies-bastards-employee-dashboard/client/src/containers/clock/Clock.js
FN:4,Clock
FN:6,(anonymous_1)
FN:7,(anonymous_2)
FN:8,cleanup
FN:13,tick
FNF:5
FNH:0
FNDA:0,Clock
FNDA:0,(anonymous_1)
FNDA:0,(anonymous_2)
FNDA:0,cleanup
FNDA:0,tick
DA:5,0
DA:6,0
DA:7,0
DA:8,0
DA:9,0
DA:14,0
DA:16,0
LF:7
LH:0
BRF:0
BRH:0
end_of_record
TN:
SF:/Users/seyma/Desktop/WS/Projects/Employee_Dashboard/charlies-bastards-employee-dashboard/client/src/containers/dashboard/Dashboard.js
FN:10,Dashboard
FN:18,(anonymous_1)
FN:22,(anonymous_2)
FN:26,(anonymous_3)
FN:54,(anonymous_4)
FN:57,(anonymous_5)
FN:60,(anonymous_6)
FNF:7
FNH:2
FNDA:1,Dashboard
FNDA:1,(anonymous_1)
FNDA:0,(anonymous_2)
FNDA:0,(anonymous_3)
FNDA:0,(anonymous_4)
FNDA:0,(anonymous_5)
FNDA:0,(anonymous_6)
DA:11,1
DA:12,1
DA:13,1
DA:18,1
DA:19,1
DA:22,1
DA:23,0
DA:24,0
DA:26,1
DA:27,0
DA:28,0
DA:29,0
DA:32,1
DA:54,0
DA:57,0
DA:60,0
LF:16
LH:8
BRF:0
BRH:0
end_of_record
TN:
SF:/Users/seyma/Desktop/WS/Projects/Employee_Dashboard/charlies-bastards-employee-dashboard/client/src/containers/displayhours/DisplayHours.js
FN:10,DisplayHours
FN:20,(anonymous_1)
FN:24,(anonymous_2)
FN:27,(anonymous_3)
FN:28,(anonymous_4)
FN:47,(anonymous_5)
FN:63,(anonymous_6)
FNF:7
FNH:0
FNDA:0,DisplayHours
FNDA:0,(anonymous_1)
FNDA:0,(anonymous_2)
FNDA:0,(anonymous_3)
FNDA:0,(anonymous_4)
FNDA:0,(anonymous_5)
FNDA:0,(anonymous_6)
DA:11,0
DA:12,0
DA:13,0
DA:14,0
DA:20,0
DA:21,0
DA:24,0
DA:25,0
DA:26,0
DA:27,0
DA:28,0
DA:30,0
DA:48,0
DA:63,0
LF:14
LH:0
BRDA:38,0,0,0
BRDA:38,0,1,0
BRDA:46,1,0,0
BRDA:46,1,1,0
BRF:4
BRH:0
end_of_record
TN:
SF:/Users/seyma/Desktop/WS/Projects/Employee_Dashboard/charlies-bastards-employee-dashboard/client/src/containers/login/Login.js
FN:7,Login
FN:18,(anonymous_1)
FN:21,(anonymous_2)
FN:69,(anonymous_3)
FNF:4
FNH:1
FNDA:3,Login
FNDA:0,(anonymous_1)
FNDA:0,(anonymous_2)
FNDA:0,(anonymous_3)
DA:8,3
DA:9,3
DA:10,3
DA:11,3
DA:18,3
DA:19,0
DA:20,0
DA:22,0
DA:37,3
DA:69,0
LF:10
LH:6
BRDA:50,0,0,3
BRDA:50,0,1,0
BRDA:61,1,0,3
BRDA:61,1,1,1
BRF:4
BRH:3
end_of_record
TN:
SF:/Users/seyma/Desktop/WS/Projects/Employee_Dashboard/charlies-bastards-employee-dashboard/client/src/reducers/authorization.js
FN:7,authorization
FNF:1
FNH:1
FNDA:8,authorization
DA:8,8
DA:10,0
DA:19,0
DA:28,8
LF:4
LH:2
BRDA:7,0,0,8
BRDA:8,1,0,0
BRDA:8,1,1,0
BRDA:8,1,2,8
BRF:4
BRH:2
end_of_record
TN:
SF:/Users/seyma/Desktop/WS/Projects/Employee_Dashboard/charlies-bastards-employee-dashboard/client/src/reducers/index.js
FNF:0
FNH:0
DA:4,3
LF:1
LH:1
BRF:0
BRH:0
end_of_record
TN:
SF:/Users/seyma/Desktop/WS/Projects/Employee_Dashboard/charlies-bastards-employee-dashboard/client/src/reducers/actions/index.js
FN:14,(anonymous_0)
FN:22,(anonymous_1)
FNF:2
FNH:2
FNDA:1,(anonymous_0)
FNDA:1,(anonymous_1)
DA:1,5
DA:14,5
DA:22,5
LF:3
LH:3
BRF:0
BRH:0
end_of_record
TN:
SF:/Users/seyma/Desktop/WS/Projects/Employee_Dashboard/charlies-bastards-employee-dashboard/client/src/services/hoursHelper.js
FN:3,hoursHelper
FNF:1
FNH:1
FNDA:2,hoursHelper
DA:4,2
DA:5,2
DA:6,2
DA:13,1
LF:4
LH:4
BRF:0
BRH:0
end_of_record
TN:
SF:/Users/seyma/Desktop/WS/Projects/Employee_Dashboard/charlies-bastards-employee-dashboard/client/src/services/loginHelper.js
FN:9,loginHelper
FNF:1
FNH:1
FNDA:2,loginHelper
DA:10,2
DA:15,1
LF:2
LH:2
BRF:0
BRH:0
end_of_record
